Command line invocation:
    /Applications/Xcode.app/Contents/Developer/usr/bin/xcodebuild test-without-building -scheme Client -destination id=4B98986D-DE81-4B81-90F8-93A9528A4DFF -project /Users/brunomazzo/Documents/OpenSource/UIUnitTest/Client/Client.xcodeproj -testPlan Client -parallelizeTargets

User defaults from command line:
    IDEPackageSupportUseBuiltinSCM = YES

Resolve Package Graph


Resolved source packages:
  swift-argument-parser: https://github.com/apple/swift-argument-parser @ 1.5.0
  UIUnitTestCLI: /Users/brunomazzo/Documents/OpenSource/UIUnitTest/Client/UIUnitTest @ local

--- xcodebuild: WARNING: Using the first of multiple matching destinations:
{ platform:iOS Simulator, id:4B98986D-DE81-4B81-90F8-93A9528A4DFF, OS:18.0, name:iPhone 16 }
{ platform:iOS Simulator, id:4B98986D-DE81-4B81-90F8-93A9528A4DFF, OS:18.0, name:iPhone 16 }
2024-10-24 09:40:38.766 xcodebuild[14668:6600627]  iOSSimulator: 4B98986D-DE81-4B81-90F8-93A9528A4DFF: Failed to launch app with identifier: bruno.mazzo.Client and options: {
    "activate_suspended" = 0;
    arguments =     (
    );
    environment =     {
        "APP_DISTRIBUTOR_ID_OVERRIDE" = "com.apple.AppStore";
        "CA_ASSERT_MAIN_THREAD_TRANSACTIONS" = 0;
        "CA_DEBUG_TRANSACTIONS" = 0;
        "DYLD_FRAMEWORK_PATH" = "/Users/brunomazzo/Library/Developer/Xcode/DerivedData/Client-fnpqurxuoksfyydlktoadoesgyhg/Build/Products/Debug-iphonesimulator:/Users/brunomazzo/Library/Developer/Xcode/DerivedData/Client-fnpqurxuoksfyydlktoadoesgyhg/Build/Products/Debug-iphonesimulator/PackageFrameworks:/Applications/Xcode.app/Contents/Developer/Platforms/iPhoneSimulator.platform/Developer/Library/Frameworks";
        "DYLD_INSERT_LIBRARIES" = "/Users/brunomazzo/Library/Developer/Xcode/DerivedData/Client-fnpqurxuoksfyydlktoadoesgyhg/Build/Products/Debug-iphonesimulator/Client.app/Frameworks/libXCTestBundleInject.dylib:/Library/Developer/CoreSimulator/Volumes/iOS_22A3351/Library/Developer/CoreSimulator/Profiles/Runtimes/iOS 18.0.simruntime/Contents/Resources/RuntimeRoot/usr/lib/libMainThreadChecker.dylib";
        "DYLD_LIBRARY_PATH" = "/Users/brunomazzo/Library/Developer/Xcode/DerivedData/Client-fnpqurxuoksfyydlktoadoesgyhg/Build/Products/Debug-iphonesimulator:/Applications/Xcode.app/Contents/Developer/Platforms/iPhoneSimulator.platform/Developer/usr/lib";
        "LLVM_PROFILE_FILE" = "/var/folders/g6/0wh0g0qd3jlfvz70rrp792rc0000gn/T/bruno.mazzo.Client/650BFA24-2EDC-4456-A506-7D306AE24E36-14668-000002B89843F311/D37BBC0E-A6D9-4FDD-97F5-5FE5A97BC8DC-%p%c.profraw";
        "MTC_CRASH_ON_REPORT" = 1;
        NSApplicationQuitWithoutSuddenTermination = YES;
        NSUnbufferedIO = YES;
        "OS_ACTIVITY_DT_MODE" = YES;
        "RUN_DESTINATION_DEVICE_NAME" = "iPhone 16";
        "RUN_DESTINATION_DEVICE_PLATFORM_IDENTIFIER" = "com.apple.platform.iphonesimulator";
        "RUN_DESTINATION_DEVICE_UDID" = "4B98986D-DE81-4B81-90F8-93A9528A4DFF";
        "SQLITE_ENABLE_THREAD_ASSERTIONS" = 1;
        TERM = dumb;
        XCInjectBundleInto = unused;
        XCTestBundlePath = "PlugIns/ClientTests.xctest";
        XCTestConfigurationFilePath = "";
        XCTestSessionIdentifier = "A90001FD-67AB-4235-AE01-2195C4A24407";
        "__XCODE_BUILT_PRODUCTS_DIR_PATHS" = "/Users/brunomazzo/Library/Developer/Xcode/DerivedData/Client-fnpqurxuoksfyydlktoadoesgyhg/Build/Products/Debug-iphonesimulator";
        "__XPC_DYLD_FRAMEWORK_PATH" = "/Users/brunomazzo/Library/Developer/Xcode/DerivedData/Client-fnpqurxuoksfyydlktoadoesgyhg/Build/Products/Debug-iphonesimulator";
        "__XPC_DYLD_LIBRARY_PATH" = "/Users/brunomazzo/Library/Developer/Xcode/DerivedData/Client-fnpqurxuoksfyydlktoadoesgyhg/Build/Products/Debug-iphonesimulator";
        "__XPC_LLVM_PROFILE_FILE" = "/var/folders/g6/0wh0g0qd3jlfvz70rrp792rc0000gn/T/bruno.mazzo.Client/650BFA24-2EDC-4456-A506-7D306AE24E36-14668-000002B89843F311/D37BBC0E-A6D9-4FDD-97F5-5FE5A97BC8DC-%p%c.profraw";
    };
    stderr = "/dev/ttys001";
    stdout = "/dev/ttys001";
    "terminate_running_process" = 1;
    "wait_for_debugger" = 1;
} (error = Error Domain=NSPOSIXErrorDomain Code=3 "No such process" UserInfo={SimCallingSelector=launchApplicationWithID:options:pid:error:, NSLocalizedDescription=Simulator device failed to launch bruno.mazzo.Client., NSUnderlyingError=0x600002da2310 {Error Domain=NSPOSIXErrorDomain Code=3 "No such process" UserInfo={NSLocalizedDescription=Application launch for 'bruno.mazzo.Client' did not return a process handle nor launch error.}}})
2024-10-24 09:40:38.777 xcodebuild[14668:6600617] [MT] IDELaunchReport: 34c941fa67bf5b00:34c941fa67bf5b00: Finished with error: Simulator device failed to launch bruno.mazzo.Client.
Domain: NSPOSIXErrorDomain
Code: 3
Failure Reason: No such process
User Info: {
    DVTErrorCreationDateKey = "2024-10-23 23:40:38 +0000";
    IDERunOperationFailingWorker = IDELaunchiPhoneSimulatorLauncher;
    SimCallingSelector = "launchApplicationWithID:options:pid:error:";
}
--
Application launch for 'bruno.mazzo.Client' did not return a process handle nor launch error.
Domain: NSPOSIXErrorDomain
Code: 3
Failure Reason: No such process
--
2024-10-24 09:40:38.777 xcodebuild[14668:6600617] [MT] IDELaunchReport: 34c941fa67bf5b00:34c941fa67bf5b00: com.apple.dt.IDERunOperationWorkerFinished {
    "device_identifier" = "4B98986D-DE81-4B81-90F8-93A9528A4DFF";
    "device_model" = "iPhone17,3";
    "device_osBuild" = "18.0 (22A3351)";
    "device_platform" = "com.apple.platform.iphonesimulator";
    "device_thinningType" = "iPhone17,3";
    "dvt_coredevice_version" = "397.21";
    "dvt_coresimulator_version" = 987;
    "dvt_mobiledevice_version" = "1759.2.1";
    "launchSession_schemeCommand" = Test;
    "launchSession_state" = 1;
    "launchSession_targetArch" = arm64;
    "operation_duration_ms" = 345;
    "operation_errorCode" = 3;
    "operation_errorDomain" = NSPOSIXErrorDomain;
    "operation_errorWorker" = IDELaunchiPhoneSimulatorLauncher;
    "operation_name" = IDERunOperationWorkerGroup;
    "param_debugger_attachToExtensions" = 0;
    "param_debugger_attachToXPC" = 0;
    "param_debugger_type" = 1;
    "param_destination_isProxy" = 0;
    "param_destination_platform" = "com.apple.platform.iphonesimulator";
    "param_diag_113575882_enable" = 0;
    "param_diag_MainThreadChecker_stopOnIssue" = 0;
    "param_diag_MallocStackLogging_enableDuringAttach" = 0;
    "param_diag_MallocStackLogging_enableForXPC" = 0;
    "param_diag_allowLocationSimulation" = 1;
    "param_diag_checker_tpc_enable" = 0;
    "param_diag_gpu_frameCapture_enable" = 3;
    "param_diag_gpu_shaderValidation_enable" = 0;
    "param_diag_gpu_validation_enable" = 1;
    "param_diag_guardMalloc_enable" = 0;
    "param_diag_memoryGraphOnResourceException" = 0;
    "param_diag_mtc_enable" = 0;
    "param_diag_queueDebugging_enable" = 1;
    "param_diag_runtimeProfile_generate" = 1;
    "param_diag_sanitizer_asan_enable" = 0;
    "param_diag_sanitizer_tsan_enable" = 0;
    "param_diag_sanitizer_tsan_stopOnIssue" = 0;
    "param_diag_sanitizer_ubsan_enable" = 0;
    "param_diag_sanitizer_ubsan_stopOnIssue" = 0;
    "param_diag_showNonLocalizedStrings" = 0;
    "param_diag_viewDebugging_enabled" = 0;
    "param_diag_viewDebugging_insertDylibOnLaunch" = 0;
    "param_install_style" = 2;
    "param_launcher_UID" = 2;
    "param_launcher_allowDeviceSensorReplayData" = 0;
    "param_launcher_kind" = 0;
    "param_launcher_style" = 0;
    "param_launcher_substyle" = 0;
    "param_runnable_appExtensionHostRunMode" = 0;
    "param_runnable_productType" = "com.apple.product-type.application";
    "param_structuredConsoleMode" = 0;
    "param_testing_launchedForTesting" = 1;
    "param_testing_suppressSimulatorApp" = 1;
    "param_testing_usingCLI" = 0;
    "sdk_canonicalName" = "iphonesimulator18.0";
    "sdk_osVersion" = "18.0";
    "sdk_variant" = iphonesimulator;
}


*** If you believe this error represents a bug, please attach the result bundle at /Users/brunomazzo/Library/Developer/Xcode/DerivedData/Client-fnpqurxuoksfyydlktoadoesgyhg/Logs/Test/Test-Client-2024.10.24_09-40-35-+1000.xcresult

2024-10-24 09:40:49.670 xcodebuild[14668:6600617] [MT] IDETestOperationsObserverDebug: 11.618 elapsed -- Testing started completed.
2024-10-24 09:40:49.670 xcodebuild[14668:6600617] [MT] IDETestOperationsObserverDebug: 0.000 sec, +0.000 sec -- start
2024-10-24 09:40:49.670 xcodebuild[14668:6600617] [MT] IDETestOperationsObserverDebug: 11.618 sec, +11.618 sec -- end

Test session results, code coverage, and logs:
	/Users/brunomazzo/Library/Developer/Xcode/DerivedData/Client-fnpqurxuoksfyydlktoadoesgyhg/Logs/Test/Test-Client-2024.10.24_09-40-35-+1000.xcresult

Testing failed:
	Simulator device failed to launch bruno.mazzo.Client.
	Client encountered an error (Failed to install or launch the test runner. (Underlying Error: Simulator device failed to launch bruno.mazzo.Client. No such process. (Underlying Error: Application launch for 'bruno.mazzo.Client' did not return a process handle nor launch error. No such process)))

** TEST EXECUTE FAILED **

Testing started

